[2020-12-15 13:02:28] app.INFO: Protect vendor folder in module contactform [] []
[2020-12-15 13:02:29] app.INFO: Module contactform has no vendor folder [] []
[2020-12-15 13:02:31] app.INFO: Protect vendor folder in module dashactivity [] []
[2020-12-15 13:02:31] app.INFO: Module dashactivity has no vendor folder [] []
[2020-12-15 13:02:32] app.INFO: Protect vendor folder in module dashtrends [] []
[2020-12-15 13:02:32] app.INFO: Module dashtrends has no vendor folder [] []
[2020-12-15 13:02:37] app.INFO: Protect vendor folder in module dashgoals [] []
[2020-12-15 13:02:37] app.INFO: Module dashgoals has no vendor folder [] []
[2020-12-15 13:02:39] app.INFO: Protect vendor folder in module dashproducts [] []
[2020-12-15 13:02:39] app.INFO: Module dashproducts has no vendor folder [] []
[2020-12-15 13:02:40] app.INFO: Protect vendor folder in module graphnvd3 [] []
[2020-12-15 13:02:40] app.INFO: Module graphnvd3 has no vendor folder [] []
[2020-12-15 13:02:41] app.INFO: Protect vendor folder in module gridhtml [] []
[2020-12-15 13:02:41] app.INFO: Module gridhtml has no vendor folder [] []
[2020-12-15 13:02:44] app.INFO: Protect vendor folder in module gsitemap [] []
[2020-12-15 13:02:44] app.INFO: Module gsitemap has no vendor folder [] []
[2020-12-15 13:02:47] app.INFO: Protect vendor folder in module ps_banner [] []
[2020-12-15 13:02:47] app.INFO: Module ps_banner has no vendor folder [] []
[2020-12-15 13:02:49] app.INFO: Protect vendor folder in module ps_categorytree [] []
[2020-12-15 13:02:49] app.INFO: Module ps_categorytree has no vendor folder [] []
[2020-12-15 13:02:51] app.INFO: Protect vendor folder in module ps_checkpayment [] []
[2020-12-15 13:02:51] app.INFO: Module ps_checkpayment has no vendor folder [] []
[2020-12-15 13:02:53] app.INFO: Protect vendor folder in module ps_contactinfo [] []
[2020-12-15 13:02:53] app.INFO: Module ps_contactinfo has no vendor folder [] []
[2020-12-15 13:02:54] app.INFO: Protect vendor folder in module ps_currencyselector [] []
[2020-12-15 13:02:54] app.INFO: Module ps_currencyselector has no vendor folder [] []
[2020-12-15 13:02:55] app.INFO: Protect vendor folder in module ps_customeraccountlinks [] []
[2020-12-15 13:02:55] app.INFO: Module ps_customeraccountlinks has no vendor folder [] []
[2020-12-15 13:02:56] app.INFO: Protect vendor folder in module ps_customersignin [] []
[2020-12-15 13:02:56] app.INFO: Module ps_customersignin has no vendor folder [] []
[2020-12-15 13:02:59] app.INFO: Protect vendor folder in module ps_customtext [] []
[2020-12-15 13:03:00] app.INFO: Module ps_customtext has no vendor folder [] []
[2020-12-15 13:03:03] app.INFO: Protect vendor folder in module ps_emailsubscription [] []
[2020-12-15 13:03:03] app.INFO: Module ps_emailsubscription has no vendor folder [] []
[2020-12-15 13:03:16] app.INFO: Protect vendor folder in module ps_facetedsearch [] []
[2020-12-15 13:03:16] app.INFO: Module ps_facetedsearch has no vendor folder [] []
[2020-12-15 13:03:18] app.INFO: Protect vendor folder in module ps_faviconnotificationbo [] []
[2020-12-15 13:03:18] app.INFO: Module ps_faviconnotificationbo has no vendor folder [] []
[2020-12-15 13:03:20] app.INFO: Protect vendor folder in module ps_featuredproducts [] []
[2020-12-15 13:03:20] app.INFO: Module ps_featuredproducts has no vendor folder [] []
[2020-12-15 13:03:23] app.INFO: Protect vendor folder in module ps_imageslider [] []
[2020-12-15 13:03:24] app.INFO: Module ps_imageslider has no vendor folder [] []
[2020-12-15 13:03:24] app.INFO: Protect vendor folder in module ps_languageselector [] []
[2020-12-15 13:03:24] app.INFO: Module ps_languageselector has no vendor folder [] []
[2020-12-15 13:03:28] app.INFO: Protect vendor folder in module ps_linklist [] []
[2020-12-15 13:03:28] app.INFO: Module ps_linklist has no vendor folder [] []
[2020-12-15 13:03:28] app.ERROR: Class "AdminLinkWidgetController" not found in controllers/admin [] []
[2020-12-15 13:03:33] app.INFO: Protect vendor folder in module ps_mainmenu [] []
[2020-12-15 13:03:33] app.INFO: Module ps_mainmenu has no vendor folder [] []
[2020-12-15 13:03:34] app.INFO: Protect vendor folder in module ps_searchbar [] []
[2020-12-15 13:03:34] app.INFO: Module ps_searchbar has no vendor folder [] []
[2020-12-15 13:03:35] app.INFO: Protect vendor folder in module ps_sharebuttons [] []
[2020-12-15 13:03:35] app.INFO: Module ps_sharebuttons has no vendor folder [] []
[2020-12-15 13:03:36] app.INFO: Protect vendor folder in module ps_shoppingcart [] []
[2020-12-15 13:03:36] app.INFO: Module ps_shoppingcart has no vendor folder [] []
[2020-12-15 13:03:38] app.INFO: Protect vendor folder in module ps_socialfollow [] []
[2020-12-15 13:03:38] app.INFO: Module ps_socialfollow has no vendor folder [] []
[2020-12-15 13:03:41] app.INFO: Protect vendor folder in module ps_themecusto [] []
[2020-12-15 13:03:42] app.INFO: Module ps_themecusto has no vendor folder [] []
[2020-12-15 13:03:44] app.INFO: Protect vendor folder in module ps_wirepayment [] []
[2020-12-15 13:03:44] app.INFO: Module ps_wirepayment has no vendor folder [] []
[2020-12-15 13:03:45] app.INFO: Protect vendor folder in module pagesnotfound [] []
[2020-12-15 13:03:45] app.INFO: Module pagesnotfound has no vendor folder [] []
[2020-12-15 13:03:46] app.INFO: Protect vendor folder in module sekeywords [] []
[2020-12-15 13:03:47] app.INFO: Module sekeywords has no vendor folder [] []
[2020-12-15 13:03:47] app.INFO: Protect vendor folder in module statsbestcategories [] []
[2020-12-15 13:03:47] app.INFO: Module statsbestcategories has no vendor folder [] []
[2020-12-15 13:03:48] app.INFO: Protect vendor folder in module statsbestcustomers [] []
[2020-12-15 13:03:48] app.INFO: Module statsbestcustomers has no vendor folder [] []
[2020-12-15 13:03:49] app.INFO: Protect vendor folder in module statsbestproducts [] []
[2020-12-15 13:03:49] app.INFO: Module statsbestproducts has no vendor folder [] []
[2020-12-15 13:03:50] app.INFO: Protect vendor folder in module statsbestsuppliers [] []
[2020-12-15 13:03:50] app.INFO: Module statsbestsuppliers has no vendor folder [] []
[2020-12-15 13:03:51] app.INFO: Protect vendor folder in module statsbestvouchers [] []
[2020-12-15 13:03:51] app.INFO: Module statsbestvouchers has no vendor folder [] []
[2020-12-15 13:03:52] app.INFO: Protect vendor folder in module statscarrier [] []
[2020-12-15 13:03:52] app.INFO: Module statscarrier has no vendor folder [] []
[2020-12-15 13:03:53] app.INFO: Protect vendor folder in module statscatalog [] []
[2020-12-15 13:03:53] app.INFO: Module statscatalog has no vendor folder [] []
[2020-12-15 13:03:54] app.INFO: Protect vendor folder in module statscheckup [] []
[2020-12-15 13:03:54] app.INFO: Module statscheckup has no vendor folder [] []
[2020-12-15 13:03:55] app.INFO: Protect vendor folder in module statsdata [] []
[2020-12-15 13:03:55] app.INFO: Module statsdata has no vendor folder [] []
[2020-12-15 13:03:56] app.INFO: Protect vendor folder in module statsequipment [] []
[2020-12-15 13:03:56] app.INFO: Module statsequipment has no vendor folder [] []
[2020-12-15 13:03:57] app.INFO: Protect vendor folder in module statsforecast [] []
[2020-12-15 13:03:57] app.INFO: Module statsforecast has no vendor folder [] []
[2020-12-15 13:03:58] app.INFO: Protect vendor folder in module statslive [] []
[2020-12-15 13:03:58] app.INFO: Module statslive has no vendor folder [] []
[2020-12-15 13:03:59] app.INFO: Protect vendor folder in module statsnewsletter [] []
[2020-12-15 13:03:59] app.INFO: Module statsnewsletter has no vendor folder [] []
[2020-12-15 13:04:00] app.INFO: Protect vendor folder in module statsorigin [] []
[2020-12-15 13:04:00] app.INFO: Module statsorigin has no vendor folder [] []
[2020-12-15 13:04:01] app.INFO: Protect vendor folder in module statspersonalinfos [] []
[2020-12-15 13:04:01] app.INFO: Module statspersonalinfos has no vendor folder [] []
[2020-12-15 13:04:02] app.INFO: Protect vendor folder in module statsproduct [] []
[2020-12-15 13:04:02] app.INFO: Module statsproduct has no vendor folder [] []
[2020-12-15 13:04:03] app.INFO: Protect vendor folder in module statsregistrations [] []
[2020-12-15 13:04:03] app.INFO: Module statsregistrations has no vendor folder [] []
[2020-12-15 13:04:04] app.INFO: Protect vendor folder in module statssales [] []
[2020-12-15 13:04:04] app.INFO: Module statssales has no vendor folder [] []
[2020-12-15 13:04:05] app.INFO: Protect vendor folder in module statssearch [] []
[2020-12-15 13:04:05] app.INFO: Module statssearch has no vendor folder [] []
[2020-12-15 13:04:06] app.INFO: Protect vendor folder in module statsstock [] []
[2020-12-15 13:04:06] app.INFO: Module statsstock has no vendor folder [] []
[2020-12-15 13:04:07] app.INFO: Protect vendor folder in module statsvisits [] []
[2020-12-15 13:04:07] app.INFO: Module statsvisits has no vendor folder [] []
[2020-12-15 13:04:09] app.INFO: Protect vendor folder in module welcome [] []
[2020-12-15 13:04:12] app.INFO: Exporting mail with theme modern for language English (English) [] []
[2020-12-15 13:04:12] app.INFO: Core output folder: /var/www/html/mails [] []
[2020-12-15 13:04:12] app.INFO: Modules output folder: /var/www/html/modules/ [] []
[2020-12-15 13:04:27] app.INFO: Exporting mail with theme modern for language Українська (Ukrainian) [] []
[2020-12-15 13:04:27] app.INFO: Core output folder: /var/www/html/mails [] []
[2020-12-15 13:04:27] app.INFO: Modules output folder: /var/www/html/modules/ [] []
[2020-12-16 13:39:22] request.INFO: Matched route "admin_module_manage_action". {"route":"admin_module_manage_action","route_parameters":{"_controller":"PrestaShopBundle\\Controller\\Admin\\Improve\\ModuleController::moduleAction","action":"disable","module_name":"wishlist","_route":"admin_module_manage_action"},"request_uri":"http://localhost:8081/admin164mibe2c/index.php/improve/modules/manage/action/disable/wishlist?_token=13I2CL2DB-RLHJpUuM6NbWmumIZG_TlZaPdNQpJq6mU","method":"POST"} []
[2020-12-16 13:39:22] security.DEBUG: Read existing security token from the session. {"key":"_security_main","token_class":"Symfony\\Component\\Security\\Core\\Authentication\\Token\\UsernamePasswordToken"} []
[2020-12-16 13:39:22] security.DEBUG: User was reloaded from a user provider. {"provider":"PrestaShopBundle\\Security\\Admin\\EmployeeProvider","username":"komar.ivan.97@gmail.com"} []
[2020-12-16 13:39:36] app.ERROR: Data from PrestaShop Addons is invalid, and cannot fallback on cache.  {"exception":"cURL error 28: Operation timed out after 5000 milliseconds with 882826 bytes received"} []
[2020-12-16 13:39:56] security.DEBUG: Stored the security token in the session. {"key":"_security_main"} []
[2020-12-20 23:28:10] request.INFO: Matched route "admin_module_manage_action". {"route":"admin_module_manage_action","route_parameters":{"_controller":"PrestaShopBundle\\Controller\\Admin\\Improve\\ModuleController::moduleAction","action":"disable","module_name":"wishlist","_route":"admin_module_manage_action"},"request_uri":"http://localhost:8081/admin164mibe2c/index.php/improve/modules/manage/action/disable/wishlist?_token=13I2CL2DB-RLHJpUuM6NbWmumIZG_TlZaPdNQpJq6mU","method":"POST"} []
[2020-12-20 23:28:10] security.DEBUG: Read existing security token from the session. {"key":"_security_main","token_class":"Symfony\\Component\\Security\\Core\\Authentication\\Token\\UsernamePasswordToken"} []
[2020-12-20 23:28:10] security.DEBUG: User was reloaded from a user provider. {"provider":"PrestaShopBundle\\Security\\Admin\\EmployeeProvider","username":"komar.ivan.97@gmail.com"} []
[2020-12-20 23:28:12] request.CRITICAL: Uncaught PHP Exception Symfony\Component\Debug\Exception\FatalErrorException: "Compile Error: Cannot declare class WishList, because the name is already in use" at /var/www/html/modules/wishlist/classes/WishList.php line 0 {"exception":"[object] (Symfony\\Component\\Debug\\Exception\\FatalErrorException(code: 0): Compile Error: Cannot declare class WishList, because the name is already in use at /var/www/html/modules/wishlist/classes/WishList.php:0)"} []
[2020-12-20 23:28:12] security.DEBUG: Stored the security token in the session. {"key":"_security_main"} []
[2020-12-20 23:28:22] request.INFO: Matched route "admin_module_manage_action". {"route":"admin_module_manage_action","route_parameters":{"_controller":"PrestaShopBundle\\Controller\\Admin\\Improve\\ModuleController::moduleAction","action":"disable","module_name":"wishlist","_route":"admin_module_manage_action"},"request_uri":"http://localhost:8081/admin164mibe2c/index.php/improve/modules/manage/action/disable/wishlist?_token=13I2CL2DB-RLHJpUuM6NbWmumIZG_TlZaPdNQpJq6mU","method":"POST"} []
[2020-12-20 23:28:22] security.DEBUG: Read existing security token from the session. {"key":"_security_main","token_class":"Symfony\\Component\\Security\\Core\\Authentication\\Token\\UsernamePasswordToken"} []
[2020-12-20 23:28:22] security.DEBUG: User was reloaded from a user provider. {"provider":"PrestaShopBundle\\Security\\Admin\\EmployeeProvider","username":"komar.ivan.97@gmail.com"} []
[2020-12-20 23:28:22] request.CRITICAL: Uncaught PHP Exception Symfony\Component\Debug\Exception\FatalErrorException: "Compile Error: Cannot declare class WishList, because the name is already in use" at /var/www/html/modules/wishlist/classes/WishList.php line 0 {"exception":"[object] (Symfony\\Component\\Debug\\Exception\\FatalErrorException(code: 0): Compile Error: Cannot declare class WishList, because the name is already in use at /var/www/html/modules/wishlist/classes/WishList.php:0)"} []
[2020-12-20 23:28:22] security.DEBUG: Stored the security token in the session. {"key":"_security_main"} []
[2020-12-20 23:28:30] request.INFO: Matched route "admin_module_manage_action". {"route":"admin_module_manage_action","route_parameters":{"_controller":"PrestaShopBundle\\Controller\\Admin\\Improve\\ModuleController::moduleAction","action":"reset","module_name":"wishlist","_route":"admin_module_manage_action"},"request_uri":"http://localhost:8081/admin164mibe2c/index.php/improve/modules/manage/action/reset/wishlist?_token=13I2CL2DB-RLHJpUuM6NbWmumIZG_TlZaPdNQpJq6mU","method":"POST"} []
[2020-12-20 23:28:30] security.DEBUG: Read existing security token from the session. {"key":"_security_main","token_class":"Symfony\\Component\\Security\\Core\\Authentication\\Token\\UsernamePasswordToken"} []
[2020-12-20 23:28:30] security.DEBUG: User was reloaded from a user provider. {"provider":"PrestaShopBundle\\Security\\Admin\\EmployeeProvider","username":"komar.ivan.97@gmail.com"} []
[2020-12-20 23:28:30] request.CRITICAL: Uncaught PHP Exception Symfony\Component\Debug\Exception\FatalErrorException: "Compile Error: Cannot declare class WishList, because the name is already in use" at /var/www/html/modules/wishlist/classes/WishList.php line 0 {"exception":"[object] (Symfony\\Component\\Debug\\Exception\\FatalErrorException(code: 0): Compile Error: Cannot declare class WishList, because the name is already in use at /var/www/html/modules/wishlist/classes/WishList.php:0)"} []
[2020-12-20 23:28:30] security.DEBUG: Stored the security token in the session. {"key":"_security_main"} []
[2020-12-21 00:26:52] request.INFO: Matched route "admin_module_manage". {"route":"admin_module_manage","route_parameters":{"category":null,"keyword":null,"_controller":"PrestaShopBundle\\Controller\\Admin\\Improve\\ModuleController::manageAction","_legacy_controller":"AdminModulesManage","_legacy_link":["AdminModulesManage","AdminModulesSf"],"_route":"admin_module_manage"},"request_uri":"http://localhost:8081/admin164mibe2c/index.php/improve/modules/manage?_token=13I2CL2DB-RLHJpUuM6NbWmumIZG_TlZaPdNQpJq6mU","method":"GET"} []
[2020-12-21 00:26:52] security.DEBUG: Read existing security token from the session. {"key":"_security_main","token_class":"Symfony\\Component\\Security\\Core\\Authentication\\Token\\UsernamePasswordToken"} []
[2020-12-21 00:26:52] security.DEBUG: User was reloaded from a user provider. {"provider":"PrestaShopBundle\\Security\\Admin\\EmployeeProvider","username":"komar.ivan.97@gmail.com"} []
[2020-12-21 00:26:53] request.CRITICAL: Uncaught PHP Exception Symfony\Component\Debug\Exception\FatalErrorException: "Compile Error: Cannot declare class Wishlist, because the name is already in use" at /var/www/html/modules/wishlist/wishlist.php line 0 {"exception":"[object] (Symfony\\Component\\Debug\\Exception\\FatalErrorException(code: 0): Compile Error: Cannot declare class Wishlist, because the name is already in use at /var/www/html/modules/wishlist/wishlist.php:0)"} []
[2020-12-21 00:26:53] security.DEBUG: Stored the security token in the session. {"key":"_security_main"} []
[2020-12-21 00:26:55] request.INFO: Matched route "admin_module_manage". {"route":"admin_module_manage","route_parameters":{"category":null,"keyword":null,"_controller":"PrestaShopBundle\\Controller\\Admin\\Improve\\ModuleController::manageAction","_legacy_controller":"AdminModulesManage","_legacy_link":["AdminModulesManage","AdminModulesSf"],"_route":"admin_module_manage"},"request_uri":"http://localhost:8081/admin164mibe2c/index.php/improve/modules/manage?_token=13I2CL2DB-RLHJpUuM6NbWmumIZG_TlZaPdNQpJq6mU","method":"GET"} []
[2020-12-21 00:26:55] security.DEBUG: Read existing security token from the session. {"key":"_security_main","token_class":"Symfony\\Component\\Security\\Core\\Authentication\\Token\\UsernamePasswordToken"} []
[2020-12-21 00:26:55] security.DEBUG: User was reloaded from a user provider. {"provider":"PrestaShopBundle\\Security\\Admin\\EmployeeProvider","username":"komar.ivan.97@gmail.com"} []
[2020-12-21 00:26:56] request.CRITICAL: Uncaught PHP Exception Symfony\Component\Debug\Exception\FatalErrorException: "Compile Error: Cannot declare class Wishlist, because the name is already in use" at /var/www/html/modules/wishlist/wishlist.php line 0 {"exception":"[object] (Symfony\\Component\\Debug\\Exception\\FatalErrorException(code: 0): Compile Error: Cannot declare class Wishlist, because the name is already in use at /var/www/html/modules/wishlist/wishlist.php:0)"} []
[2020-12-21 00:26:56] security.DEBUG: Stored the security token in the session. {"key":"_security_main"} []
[2020-12-21 00:26:59] request.INFO: Matched route "admin_module_manage". {"route":"admin_module_manage","route_parameters":{"category":null,"keyword":null,"_controller":"PrestaShopBundle\\Controller\\Admin\\Improve\\ModuleController::manageAction","_legacy_controller":"AdminModulesManage","_legacy_link":["AdminModulesManage","AdminModulesSf"],"_route":"admin_module_manage"},"request_uri":"http://localhost:8081/admin164mibe2c/index.php/improve/modules/manage?_token=13I2CL2DB-RLHJpUuM6NbWmumIZG_TlZaPdNQpJq6mU","method":"GET"} []
[2020-12-21 00:26:59] security.DEBUG: Read existing security token from the session. {"key":"_security_main","token_class":"Symfony\\Component\\Security\\Core\\Authentication\\Token\\UsernamePasswordToken"} []
[2020-12-21 00:26:59] security.DEBUG: User was reloaded from a user provider. {"provider":"PrestaShopBundle\\Security\\Admin\\EmployeeProvider","username":"komar.ivan.97@gmail.com"} []
[2020-12-21 00:26:59] request.CRITICAL: Uncaught PHP Exception Symfony\Component\Debug\Exception\FatalErrorException: "Compile Error: Cannot declare class Wishlist, because the name is already in use" at /var/www/html/modules/wishlist/wishlist.php line 0 {"exception":"[object] (Symfony\\Component\\Debug\\Exception\\FatalErrorException(code: 0): Compile Error: Cannot declare class Wishlist, because the name is already in use at /var/www/html/modules/wishlist/wishlist.php:0)"} []
[2020-12-21 00:26:59] security.DEBUG: Stored the security token in the session. {"key":"_security_main"} []
[2020-12-21 00:27:00] request.INFO: Matched route "admin_module_manage". {"route":"admin_module_manage","route_parameters":{"category":null,"keyword":null,"_controller":"PrestaShopBundle\\Controller\\Admin\\Improve\\ModuleController::manageAction","_legacy_controller":"AdminModulesManage","_legacy_link":["AdminModulesManage","AdminModulesSf"],"_route":"admin_module_manage"},"request_uri":"http://localhost:8081/admin164mibe2c/index.php/improve/modules/manage?_token=13I2CL2DB-RLHJpUuM6NbWmumIZG_TlZaPdNQpJq6mU","method":"GET"} []
[2020-12-21 00:27:00] security.DEBUG: Read existing security token from the session. {"key":"_security_main","token_class":"Symfony\\Component\\Security\\Core\\Authentication\\Token\\UsernamePasswordToken"} []
[2020-12-21 00:27:00] security.DEBUG: User was reloaded from a user provider. {"provider":"PrestaShopBundle\\Security\\Admin\\EmployeeProvider","username":"komar.ivan.97@gmail.com"} []
[2020-12-21 00:27:00] request.CRITICAL: Uncaught PHP Exception Symfony\Component\Debug\Exception\FatalErrorException: "Compile Error: Cannot declare class Wishlist, because the name is already in use" at /var/www/html/modules/wishlist/wishlist.php line 0 {"exception":"[object] (Symfony\\Component\\Debug\\Exception\\FatalErrorException(code: 0): Compile Error: Cannot declare class Wishlist, because the name is already in use at /var/www/html/modules/wishlist/wishlist.php:0)"} []
[2020-12-21 00:27:00] security.DEBUG: Stored the security token in the session. {"key":"_security_main"} []
[2020-12-21 00:27:24] request.INFO: Matched route "admin_module_manage". {"route":"admin_module_manage","route_parameters":{"category":null,"keyword":null,"_controller":"PrestaShopBundle\\Controller\\Admin\\Improve\\ModuleController::manageAction","_legacy_controller":"AdminModulesManage","_legacy_link":["AdminModulesManage","AdminModulesSf"],"_route":"admin_module_manage"},"request_uri":"http://localhost:8081/admin164mibe2c/index.php/improve/modules/manage?_token=13I2CL2DB-RLHJpUuM6NbWmumIZG_TlZaPdNQpJq6mU","method":"GET"} []
[2020-12-21 00:27:24] security.DEBUG: Read existing security token from the session. {"key":"_security_main","token_class":"Symfony\\Component\\Security\\Core\\Authentication\\Token\\UsernamePasswordToken"} []
[2020-12-21 00:27:24] security.DEBUG: User was reloaded from a user provider. {"provider":"PrestaShopBundle\\Security\\Admin\\EmployeeProvider","username":"komar.ivan.97@gmail.com"} []
[2020-12-21 00:27:24] request.CRITICAL: Uncaught PHP Exception Symfony\Component\Debug\Exception\FatalErrorException: "Compile Error: Cannot declare class Wishlist, because the name is already in use" at /var/www/html/modules/wishlist/wishlist.php line 0 {"exception":"[object] (Symfony\\Component\\Debug\\Exception\\FatalErrorException(code: 0): Compile Error: Cannot declare class Wishlist, because the name is already in use at /var/www/html/modules/wishlist/wishlist.php:0)"} []
[2020-12-21 00:27:24] security.DEBUG: Stored the security token in the session. {"key":"_security_main"} []
[2020-12-21 00:30:10] request.INFO: Matched route "admin_module_manage". {"route":"admin_module_manage","route_parameters":{"category":null,"keyword":null,"_controller":"PrestaShopBundle\\Controller\\Admin\\Improve\\ModuleController::manageAction","_legacy_controller":"AdminModulesManage","_legacy_link":["AdminModulesManage","AdminModulesSf"],"_route":"admin_module_manage"},"request_uri":"http://localhost:8081/admin164mibe2c/index.php/improve/modules/manage?_token=13I2CL2DB-RLHJpUuM6NbWmumIZG_TlZaPdNQpJq6mU","method":"GET"} []
[2020-12-21 00:30:10] security.DEBUG: Read existing security token from the session. {"key":"_security_main","token_class":"Symfony\\Component\\Security\\Core\\Authentication\\Token\\UsernamePasswordToken"} []
[2020-12-21 00:30:10] security.DEBUG: User was reloaded from a user provider. {"provider":"PrestaShopBundle\\Security\\Admin\\EmployeeProvider","username":"komar.ivan.97@gmail.com"} []
[2020-12-21 00:30:10] request.CRITICAL: Uncaught PHP Exception Symfony\Component\Debug\Exception\FatalErrorException: "Compile Error: Cannot declare class Wishlist, because the name is already in use" at /var/www/html/modules/wishlist/wishlist.php line 0 {"exception":"[object] (Symfony\\Component\\Debug\\Exception\\FatalErrorException(code: 0): Compile Error: Cannot declare class Wishlist, because the name is already in use at /var/www/html/modules/wishlist/wishlist.php:0)"} []
[2020-12-21 00:30:10] security.DEBUG: Stored the security token in the session. {"key":"_security_main"} []
[2020-12-21 00:30:20] request.INFO: Matched route "admin_module_manage". {"route":"admin_module_manage","route_parameters":{"category":null,"keyword":null,"_controller":"PrestaShopBundle\\Controller\\Admin\\Improve\\ModuleController::manageAction","_legacy_controller":"AdminModulesManage","_legacy_link":["AdminModulesManage","AdminModulesSf"],"_route":"admin_module_manage"},"request_uri":"http://localhost:8081/admin164mibe2c/index.php/improve/modules/manage?_token=13I2CL2DB-RLHJpUuM6NbWmumIZG_TlZaPdNQpJq6mU","method":"GET"} []
[2020-12-21 00:30:20] security.DEBUG: Read existing security token from the session. {"key":"_security_main","token_class":"Symfony\\Component\\Security\\Core\\Authentication\\Token\\UsernamePasswordToken"} []
[2020-12-21 00:30:20] security.DEBUG: User was reloaded from a user provider. {"provider":"PrestaShopBundle\\Security\\Admin\\EmployeeProvider","username":"komar.ivan.97@gmail.com"} []
[2020-12-21 00:30:20] request.CRITICAL: Uncaught PHP Exception Symfony\Component\Debug\Exception\FatalErrorException: "Compile Error: Cannot declare class Wishlist, because the name is already in use" at /var/www/html/modules/wishlist/wishlist.php line 0 {"exception":"[object] (Symfony\\Component\\Debug\\Exception\\FatalErrorException(code: 0): Compile Error: Cannot declare class Wishlist, because the name is already in use at /var/www/html/modules/wishlist/wishlist.php:0)"} []
[2020-12-21 00:30:20] security.DEBUG: Stored the security token in the session. {"key":"_security_main"} []
[2020-12-21 00:30:23] request.INFO: Matched route "admin_module_manage". {"route":"admin_module_manage","route_parameters":{"category":null,"keyword":null,"_controller":"PrestaShopBundle\\Controller\\Admin\\Improve\\ModuleController::manageAction","_legacy_controller":"AdminModulesManage","_legacy_link":["AdminModulesManage","AdminModulesSf"],"_route":"admin_module_manage"},"request_uri":"http://localhost:8081/admin164mibe2c/index.php/improve/modules/manage?_token=13I2CL2DB-RLHJpUuM6NbWmumIZG_TlZaPdNQpJq6mU","method":"GET"} []
[2020-12-21 00:30:23] security.DEBUG: Read existing security token from the session. {"key":"_security_main","token_class":"Symfony\\Component\\Security\\Core\\Authentication\\Token\\UsernamePasswordToken"} []
[2020-12-21 00:30:23] security.DEBUG: User was reloaded from a user provider. {"provider":"PrestaShopBundle\\Security\\Admin\\EmployeeProvider","username":"komar.ivan.97@gmail.com"} []
[2020-12-21 00:30:23] request.CRITICAL: Uncaught PHP Exception Symfony\Component\Debug\Exception\FatalErrorException: "Compile Error: Cannot declare class Wishlist, because the name is already in use" at /var/www/html/modules/wishlist/wishlist.php line 0 {"exception":"[object] (Symfony\\Component\\Debug\\Exception\\FatalErrorException(code: 0): Compile Error: Cannot declare class Wishlist, because the name is already in use at /var/www/html/modules/wishlist/wishlist.php:0)"} []
[2020-12-21 00:30:23] security.DEBUG: Stored the security token in the session. {"key":"_security_main"} []
[2020-12-21 00:35:46] request.INFO: Matched route "admin_module_notification_count". {"route":"admin_module_notification_count","route_parameters":{"_controller":"PrestaShopBundle\\Controller\\Admin\\Improve\\Modules\\AlertsController::notificationsCountAction","_legacy_controller":"AdminModulesNotifications","_legacy_link":"AdminModulesNotifications:count","_route":"admin_module_notification_count"},"request_uri":"http://localhost:8081/admin164mibe2c/index.php/improve/modules/alerts/count?_token=13I2CL2DB-RLHJpUuM6NbWmumIZG_TlZaPdNQpJq6mU","method":"GET"} []
[2020-12-21 00:35:49] security.DEBUG: Read existing security token from the session. {"key":"_security_main","token_class":"Symfony\\Component\\Security\\Core\\Authentication\\Token\\UsernamePasswordToken"} []
[2020-12-21 00:35:49] security.DEBUG: User was reloaded from a user provider. {"provider":"PrestaShopBundle\\Security\\Admin\\EmployeeProvider","username":"komar.ivan.97@gmail.com"} []
[2020-12-21 00:35:49] request.CRITICAL: Uncaught PHP Exception Symfony\Component\Debug\Exception\FatalErrorException: "Compile Error: Cannot declare class WishList, because the name is already in use" at /var/www/html/modules/io_wishlist/classes/WishList.php line 0 {"exception":"[object] (Symfony\\Component\\Debug\\Exception\\FatalErrorException(code: 0): Compile Error: Cannot declare class WishList, because the name is already in use at /var/www/html/modules/io_wishlist/classes/WishList.php:0)"} []
[2020-12-21 00:35:49] security.DEBUG: Stored the security token in the session. {"key":"_security_main"} []
[2020-12-21 00:35:51] request.INFO: Matched route "admin_module_notification_count". {"route":"admin_module_notification_count","route_parameters":{"_controller":"PrestaShopBundle\\Controller\\Admin\\Improve\\Modules\\AlertsController::notificationsCountAction","_legacy_controller":"AdminModulesNotifications","_legacy_link":"AdminModulesNotifications:count","_route":"admin_module_notification_count"},"request_uri":"http://localhost:8081/admin164mibe2c/index.php/improve/modules/alerts/count?_token=13I2CL2DB-RLHJpUuM6NbWmumIZG_TlZaPdNQpJq6mU","method":"GET"} []
[2020-12-21 00:35:51] security.DEBUG: Read existing security token from the session. {"key":"_security_main","token_class":"Symfony\\Component\\Security\\Core\\Authentication\\Token\\UsernamePasswordToken"} []
[2020-12-21 00:35:51] security.DEBUG: User was reloaded from a user provider. {"provider":"PrestaShopBundle\\Security\\Admin\\EmployeeProvider","username":"komar.ivan.97@gmail.com"} []
[2020-12-21 00:35:52] request.CRITICAL: Uncaught PHP Exception Symfony\Component\Debug\Exception\FatalErrorException: "Compile Error: Cannot declare class WishList, because the name is already in use" at /var/www/html/modules/io_wishlist/classes/WishList.php line 0 {"exception":"[object] (Symfony\\Component\\Debug\\Exception\\FatalErrorException(code: 0): Compile Error: Cannot declare class WishList, because the name is already in use at /var/www/html/modules/io_wishlist/classes/WishList.php:0)"} []
[2020-12-21 00:35:52] security.DEBUG: Stored the security token in the session. {"key":"_security_main"} []
[2020-12-21 00:41:48] request.INFO: Matched route "admin_modules_positions". {"route":"admin_modules_positions","route_parameters":{"_controller":"PrestaShopBundle\\Controller\\Admin\\Improve\\Design\\PositionsController::indexAction","_legacy_controller":"AdminModulesPositions","_legacy_link":"AdminModulesPositions","_route":"admin_modules_positions"},"request_uri":"http://localhost:8081/admin164mibe2c/index.php/improve/design/modules/positions/?_token=13I2CL2DB-RLHJpUuM6NbWmumIZG_TlZaPdNQpJq6mU","method":"GET"} []
[2020-12-21 00:41:48] security.DEBUG: Read existing security token from the session. {"key":"_security_main","token_class":"Symfony\\Component\\Security\\Core\\Authentication\\Token\\UsernamePasswordToken"} []
[2020-12-21 00:41:48] security.DEBUG: User was reloaded from a user provider. {"provider":"PrestaShopBundle\\Security\\Admin\\EmployeeProvider","username":"komar.ivan.97@gmail.com"} []
[2020-12-21 00:41:48] request.CRITICAL: Uncaught PHP Exception Symfony\Component\Debug\Exception\FatalErrorException: "Compile Error: Cannot declare class WishList, because the name is already in use" at /var/www/html/modules/io_wishlist/classes/WishList.php line 0 {"exception":"[object] (Symfony\\Component\\Debug\\Exception\\FatalErrorException(code: 0): Compile Error: Cannot declare class WishList, because the name is already in use at /var/www/html/modules/io_wishlist/classes/WishList.php:0)"} []
[2020-12-21 00:41:48] security.DEBUG: Stored the security token in the session. {"key":"_security_main"} []
[2020-12-21 00:41:52] request.INFO: Matched route "admin_modules_positions". {"route":"admin_modules_positions","route_parameters":{"_controller":"PrestaShopBundle\\Controller\\Admin\\Improve\\Design\\PositionsController::indexAction","_legacy_controller":"AdminModulesPositions","_legacy_link":"AdminModulesPositions","_route":"admin_modules_positions"},"request_uri":"http://localhost:8081/admin164mibe2c/index.php/improve/design/modules/positions/?_token=13I2CL2DB-RLHJpUuM6NbWmumIZG_TlZaPdNQpJq6mU","method":"GET"} []
[2020-12-21 00:41:52] security.DEBUG: Read existing security token from the session. {"key":"_security_main","token_class":"Symfony\\Component\\Security\\Core\\Authentication\\Token\\UsernamePasswordToken"} []
[2020-12-21 00:41:52] security.DEBUG: User was reloaded from a user provider. {"provider":"PrestaShopBundle\\Security\\Admin\\EmployeeProvider","username":"komar.ivan.97@gmail.com"} []
[2020-12-21 00:41:52] request.CRITICAL: Uncaught PHP Exception Symfony\Component\Debug\Exception\FatalErrorException: "Compile Error: Cannot declare class WishList, because the name is already in use" at /var/www/html/modules/io_wishlist/classes/WishList.php line 0 {"exception":"[object] (Symfony\\Component\\Debug\\Exception\\FatalErrorException(code: 0): Compile Error: Cannot declare class WishList, because the name is already in use at /var/www/html/modules/io_wishlist/classes/WishList.php:0)"} []
[2020-12-21 00:41:52] security.DEBUG: Stored the security token in the session. {"key":"_security_main"} []
[2020-12-21 00:42:18] request.INFO: Matched route "admin_module_notification_count". {"route":"admin_module_notification_count","route_parameters":{"_controller":"PrestaShopBundle\\Controller\\Admin\\Improve\\Modules\\AlertsController::notificationsCountAction","_legacy_controller":"AdminModulesNotifications","_legacy_link":"AdminModulesNotifications:count","_route":"admin_module_notification_count"},"request_uri":"http://localhost:8081/admin164mibe2c/index.php/improve/modules/alerts/count?_token=13I2CL2DB-RLHJpUuM6NbWmumIZG_TlZaPdNQpJq6mU","method":"GET"} []
[2020-12-21 00:42:18] security.DEBUG: Read existing security token from the session. {"key":"_security_main","token_class":"Symfony\\Component\\Security\\Core\\Authentication\\Token\\UsernamePasswordToken"} []
[2020-12-21 00:42:18] security.DEBUG: User was reloaded from a user provider. {"provider":"PrestaShopBundle\\Security\\Admin\\EmployeeProvider","username":"komar.ivan.97@gmail.com"} []
[2020-12-21 00:42:18] request.CRITICAL: Uncaught PHP Exception Symfony\Component\Debug\Exception\FatalErrorException: "Compile Error: Cannot declare class WishList, because the name is already in use" at /var/www/html/modules/io_wishlist/classes/WishList.php line 0 {"exception":"[object] (Symfony\\Component\\Debug\\Exception\\FatalErrorException(code: 0): Compile Error: Cannot declare class WishList, because the name is already in use at /var/www/html/modules/io_wishlist/classes/WishList.php:0)"} []
[2020-12-21 00:42:18] security.DEBUG: Stored the security token in the session. {"key":"_security_main"} []
[2020-12-21 00:42:22] request.INFO: Matched route "admin_modules_positions". {"route":"admin_modules_positions","route_parameters":{"_controller":"PrestaShopBundle\\Controller\\Admin\\Improve\\Design\\PositionsController::indexAction","_legacy_controller":"AdminModulesPositions","_legacy_link":"AdminModulesPositions","_route":"admin_modules_positions"},"request_uri":"http://localhost:8081/admin164mibe2c/index.php/improve/design/modules/positions/?_token=13I2CL2DB-RLHJpUuM6NbWmumIZG_TlZaPdNQpJq6mU","method":"GET"} []
[2020-12-21 00:42:22] security.DEBUG: Read existing security token from the session. {"key":"_security_main","token_class":"Symfony\\Component\\Security\\Core\\Authentication\\Token\\UsernamePasswordToken"} []
[2020-12-21 00:42:22] security.DEBUG: User was reloaded from a user provider. {"provider":"PrestaShopBundle\\Security\\Admin\\EmployeeProvider","username":"komar.ivan.97@gmail.com"} []
[2020-12-21 00:42:22] request.CRITICAL: Uncaught PHP Exception Symfony\Component\Debug\Exception\FatalErrorException: "Compile Error: Cannot declare class WishList, because the name is already in use" at /var/www/html/modules/io_wishlist/classes/WishList.php line 0 {"exception":"[object] (Symfony\\Component\\Debug\\Exception\\FatalErrorException(code: 0): Compile Error: Cannot declare class WishList, because the name is already in use at /var/www/html/modules/io_wishlist/classes/WishList.php:0)"} []
[2020-12-21 00:42:22] security.DEBUG: Stored the security token in the session. {"key":"_security_main"} []
[2020-12-21 00:42:52] request.INFO: Matched route "admin_modules_positions". {"route":"admin_modules_positions","route_parameters":{"_controller":"PrestaShopBundle\\Controller\\Admin\\Improve\\Design\\PositionsController::indexAction","_legacy_controller":"AdminModulesPositions","_legacy_link":"AdminModulesPositions","_route":"admin_modules_positions"},"request_uri":"http://localhost:8081/admin164mibe2c/index.php/improve/design/modules/positions/?_token=13I2CL2DB-RLHJpUuM6NbWmumIZG_TlZaPdNQpJq6mU","method":"GET"} []
[2020-12-21 00:42:52] security.DEBUG: Read existing security token from the session. {"key":"_security_main","token_class":"Symfony\\Component\\Security\\Core\\Authentication\\Token\\UsernamePasswordToken"} []
[2020-12-21 00:42:52] security.DEBUG: User was reloaded from a user provider. {"provider":"PrestaShopBundle\\Security\\Admin\\EmployeeProvider","username":"komar.ivan.97@gmail.com"} []
[2020-12-21 00:42:52] request.CRITICAL: Uncaught PHP Exception Symfony\Component\Debug\Exception\FatalErrorException: "Compile Error: Cannot declare class WishList, because the name is already in use" at /var/www/html/modules/io_wishlist/classes/WishList.php line 0 {"exception":"[object] (Symfony\\Component\\Debug\\Exception\\FatalErrorException(code: 0): Compile Error: Cannot declare class WishList, because the name is already in use at /var/www/html/modules/io_wishlist/classes/WishList.php:0)"} []
[2020-12-21 00:42:52] security.DEBUG: Stored the security token in the session. {"key":"_security_main"} []
[2020-12-21 00:43:11] request.CRITICAL: Uncaught PHP Exception Symfony\Component\Debug\Exception\FatalErrorException: "Compile Error: Cannot declare class WishList, because the name is already in use" at /var/www/html/modules/io_wishlist/classes/WishList.php line 0 {"exception":"[object] (Symfony\\Component\\Debug\\Exception\\FatalErrorException(code: 0): Compile Error: Cannot declare class WishList, because the name is already in use at /var/www/html/modules/io_wishlist/classes/WishList.php:0)"} []
[2020-12-21 00:43:46] request.INFO: Matched route "admin_modules_positions". {"route":"admin_modules_positions","route_parameters":{"_controller":"PrestaShopBundle\\Controller\\Admin\\Improve\\Design\\PositionsController::indexAction","_legacy_controller":"AdminModulesPositions","_legacy_link":"AdminModulesPositions","_route":"admin_modules_positions"},"request_uri":"http://localhost:8081/admin164mibe2c/index.php/improve/design/modules/positions/?_token=13I2CL2DB-RLHJpUuM6NbWmumIZG_TlZaPdNQpJq6mU","method":"GET"} []
[2020-12-21 00:43:46] security.DEBUG: Read existing security token from the session. {"key":"_security_main","token_class":"Symfony\\Component\\Security\\Core\\Authentication\\Token\\UsernamePasswordToken"} []
[2020-12-21 00:43:46] security.DEBUG: User was reloaded from a user provider. {"provider":"PrestaShopBundle\\Security\\Admin\\EmployeeProvider","username":"komar.ivan.97@gmail.com"} []
[2020-12-21 00:43:46] request.CRITICAL: Uncaught PHP Exception Symfony\Component\Debug\Exception\FatalErrorException: "Compile Error: Cannot declare class WishList, because the name is already in use" at /var/www/html/modules/io_wishlist/classes/WishList.php line 0 {"exception":"[object] (Symfony\\Component\\Debug\\Exception\\FatalErrorException(code: 0): Compile Error: Cannot declare class WishList, because the name is already in use at /var/www/html/modules/io_wishlist/classes/WishList.php:0)"} []
[2020-12-21 00:43:46] security.DEBUG: Stored the security token in the session. {"key":"_security_main"} []
